g:\work\项目开发\qq\demo\demo\debug\demo.pch
g:\work\项目开发\qq\demo\demo\debug\stdafx.obj
g:\work\项目开发\qq\demo\demo\debug\vc110.pdb
g:\work\项目开发\qq\demo\demo\debug\demo.obj
g:\work\项目开发\qq\demo\demo\debug\demodlg.obj
g:\work\项目开发\qq\demo\demo\debug\geren.obj
g:\work\项目开发\qq\demo\demo\debug\info.obj
g:\work\项目开发\qq\demo\demo\debug\insert.obj
g:\work\项目开发\qq\demo\demo\debug\maintest.obj
g:\work\项目开发\qq\demo\demo\debug\search.obj
g:\school\个人作品\项目开发\qq\demo\demo\debug\demo.pch
g:\school\个人作品\项目开发\qq\demo\demo\debug\stdafx.obj
g:\school\个人作品\项目开发\qq\demo\demo\debug\vc110.pdb
g:\school\个人作品\项目开发\qq\demo\demo\debug\demo.obj
g:\school\个人作品\项目开发\qq\demo\demo\debug\demodlg.obj
g:\school\个人作品\项目开发\qq\demo\demo\debug\geren.obj
g:\school\个人作品\项目开发\qq\demo\demo\debug\info.obj
g:\school\个人作品\项目开发\qq\demo\demo\debug\insert.obj
g:\school\个人作品\项目开发\qq\demo\demo\debug\maintest.obj
g:\school\个人作品\项目开发\qq\demo\demo\debug\search.obj
g:\work\项目开发\qq\demo\debug\demo.ilk
g:\work\项目开发\qq\demo\debug\demo.exe
g:\work\项目开发\qq\demo\debug\demo.pdb
g:\work\项目开发\qq\demo\demo\debug\demo.res
g:\school\个人作品\项目开发\qq\demo\demo\debug\vc120.pdb
g:\school\个人作品\项目开发\qq\demo\demo\debug\vc120.idb
g:\school\个人作品\项目开发\qq\demo\debug\demo.ilk
g:\school\个人作品\项目开发\qq\demo\debug\demo.exe
g:\school\个人作品\项目开发\qq\demo\debug\demo.pdb
g:\school\个人作品\项目开发\qq\demo\demo\debug\demo.res
g:\school\个人作品\项目开发\qq\demo\demo\debug\demo.vcxprojresolveassemblyreference.cache
g:\school\个人作品\项目开发\qq\demo\demo\debug\cl.command.1.tlog
g:\school\个人作品\项目开发\qq\demo\demo\debug\cl.read.1.tlog
g:\school\个人作品\项目开发\qq\demo\demo\debug\cl.write.1.tlog
g:\school\个人作品\项目开发\qq\demo\demo\debug\link-cvtres.read.1.tlog
g:\school\个人作品\项目开发\qq\demo\demo\debug\link-cvtres.write.1.tlog
g:\school\个人作品\项目开发\qq\demo\demo\debug\link-mt.read.1.tlog
g:\school\个人作品\项目开发\qq\demo\demo\debug\link-mt.write.1.tlog
g:\school\个人作品\项目开发\qq\demo\demo\debug\link-rc.read.1.tlog
g:\school\个人作品\项目开发\qq\demo\demo\debug\link-rc.write.1.tlog
g:\school\个人作品\项目开发\qq\demo\demo\debug\link.command.1.tlog
g:\school\个人作品\项目开发\qq\demo\demo\debug\link.read.1.tlog
g:\school\个人作品\项目开发\qq\demo\demo\debug\link.write.1.tlog
g:\school\个人作品\项目开发\qq\demo\demo\debug\rc.command.1.tlog
g:\school\个人作品\项目开发\qq\demo\demo\debug\rc.read.1.tlog
g:\school\个人作品\项目开发\qq\demo\demo\debug\rc.write.1.tlog
g:\school\个人作品\项目开发\qq\demo\demo\debug\vc110.idb
g:\school\个人作品\项目开发\qq\demo\demo\debug\demo.tlog\cl.command.1.tlog
g:\school\个人作品\项目开发\qq\demo\demo\debug\demo.tlog\cl.read.1.tlog
g:\school\个人作品\项目开发\qq\demo\demo\debug\demo.tlog\cl.write.1.tlog
g:\school\个人作品\项目开发\qq\demo\demo\debug\demo.tlog\link.command.1.tlog
g:\school\个人作品\项目开发\qq\demo\demo\debug\demo.tlog\link.read.1.tlog
g:\school\个人作品\项目开发\qq\demo\demo\debug\demo.tlog\link.write.1.tlog
g:\school\个人作品\项目开发\qq\demo\demo\debug\demo.tlog\rc.command.1.tlog
g:\school\个人作品\项目开发\qq\demo\demo\debug\demo.tlog\rc.read.1.tlog
g:\school\个人作品\项目开发\qq\demo\demo\debug\demo.tlog\rc.write.1.tlog
